<?xml version="1.0" encoding="UTF-8"?>
<!-- Generated by org.testng.reporters.JUnitXMLReporter -->
<testsuite ignored="4" hostname="Dell" failures="0" tests="4" name="AnnoationPractice" time="0.118" errors="0" timestamp="2022-10-21T19:25:43 IST">
  <testcase classname="Annotation.Demo1" name="myTestMethod1" time="0.007"/>
  <testcase classname="Annotation.Demo1" name="myTestMethod2" time="0.002"/>
  <testcase classname="Annotation.Demo2" name="myTestMethod3" time="0.002"/>
  <testcase classname="Annotation.Demo2" name="myTestMethod4" time="0.004"/>
  <testcase classname="Annotation.AnnotationPractice" name="@AfterSuite AfterSuit" time="0.0">
    <ignored/>
  </testcase> <!-- @AfterSuite AfterSuit -->
  <testcase classname="Annotation.AnnotationPractice" name="@BeforeTest BeforeTest" time="0.0">
    <ignored/>
  </testcase> <!-- @BeforeTest BeforeTest -->
  <testcase classname="Annotation.AnnotationPractice" name="@AfterTest AfterTest" time="0.0">
    <ignored/>
  </testcase> <!-- @AfterTest AfterTest -->
  <testcase classname="Annotation.AnnotationPractice" name="@BeforeSuite BeforeSuit" time="0.0">
    <ignored/>
  </testcase> <!-- @BeforeSuite BeforeSuit -->
</testsuite> <!-- AnnoationPractice -->
