<?xml version="1.0" encoding="UTF-8"?>
<!-- Generated by org.testng.reporters.JUnitXMLReporter -->
<testsuite ignored="0" hostname="Dell" failures="0" tests="4" name="Test" time="0.159" errors="0" timestamp="2022-10-17T21:37:09 IST">
  <testcase classname="Testng.Annotation" name="login" time="0.014"/>
  <testcase classname="Testng.Annotation" name="logout" time="0.002"/>
  <testcase classname="Testng.AnnotationDemo" name="homepage" time="0.001"/>
  <testcase classname="Testng.AnnotationDemo" name="profile" time="0.002"/>
</testsuite> <!-- Test -->
