<?xml version="1.0" encoding="UTF-8"?>
<!-- Generated by org.testng.reporters.JUnitXMLReporter -->
<testsuite ignored="0" hostname="Dell" failures="0" tests="4" name="Testng" time="0.114" errors="0" timestamp="2022-09-21T12:43:41 IST">
  <testcase classname="Testng.Annotation" name="login" time="0.008"/>
  <testcase classname="Testng.Annotation" name="logout" time="0.003"/>
  <testcase classname="Testng.AnnotationDemo" name="homepage" time="0.003"/>
  <testcase classname="Testng.AnnotationDemo" name="profile" time="0.001"/>
</testsuite> <!-- Testng -->
