<?xml version="1.0" encoding="UTF-8"?>
<testng-results ignored="0" total="1" passed="1" failed="0" skipped="0">
  <reporter-output>
  </reporter-output>
  <suite started-at="2022-10-13T18:51:06 IST" name="Default suite" finished-at="2022-10-13T18:51:17 IST" duration-ms="10847">
    <groups>
    </groups>
    <test started-at="2022-10-13T18:51:06 IST" name="Default test" finished-at="2022-10-13T18:51:17 IST" duration-ms="10847">
      <class name="Google.Operation">
        <test-method signature="selenium()[pri:0, instance:Google.Operation@55634720]" started-at="2022-10-13T18:51:07 IST" name="selenium" finished-at="2022-10-13T18:51:17 IST" duration-ms="10789" status="PASS">
          <reporter-output>
          </reporter-output>
        </test-method> <!-- selenium -->
      </class> <!-- Google.Operation -->
    </test> <!-- Default test -->
  </suite> <!-- Default suite -->
</testng-results>
