<?xml version="1.0" encoding="UTF-8"?>
<testng-results ignored="0" total="3" passed="3" failed="0" skipped="0">
  <reporter-output>
  </reporter-output>
  <suite started-at="2022-11-19T14:17:34 IST" name="Default suite" finished-at="2022-11-19T14:18:09 IST" duration-ms="35600">
    <groups>
    </groups>
    <test started-at="2022-11-19T14:17:34 IST" name="Default test" finished-at="2022-11-19T14:18:09 IST" duration-ms="35600">
      <class name="datapro.New">
        <test-method signature="loginfunction(java.lang.String,java.lang.String)[pri:0, instance:datapro.New@272113c4]" started-at="2022-11-19T14:17:34 IST" name="loginfunction" data-provider="DataPass" finished-at="2022-11-19T14:17:49 IST" duration-ms="15459" status="PASS">
          <params>
            <param index="0">
              <value>
                <![CDATA[Admin]]>
              </value>
            </param>
            <param index="1">
              <value>
                <![CDATA[admin123]]>
              </value>
            </param>
          </params>
          <reporter-output>
          </reporter-output>
        </test-method> <!-- loginfunction -->
        <test-method signature="loginfunction(java.lang.String,java.lang.String)[pri:0, instance:datapro.New@272113c4]" started-at="2022-11-19T14:17:49 IST" name="loginfunction" data-provider="DataPass" finished-at="2022-11-19T14:17:59 IST" duration-ms="10094" status="PASS">
          <params>
            <param index="0">
              <value>
                <![CDATA[Admin]]>
              </value>
            </param>
            <param index="1">
              <value>
                <![CDATA[admin1234]]>
              </value>
            </param>
          </params>
          <reporter-output>
          </reporter-output>
        </test-method> <!-- loginfunction -->
        <test-method signature="loginfunction(java.lang.String,java.lang.String)[pri:0, instance:datapro.New@272113c4]" started-at="2022-11-19T14:17:59 IST" name="loginfunction" data-provider="DataPass" finished-at="2022-11-19T14:18:09 IST" duration-ms="9924" status="PASS">
          <params>
            <param index="0">
              <value>
                <![CDATA[Admin]]>
              </value>
            </param>
            <param index="1">
              <value>
                <![CDATA[admin12345]]>
              </value>
            </param>
          </params>
          <reporter-output>
          </reporter-output>
        </test-method> <!-- loginfunction -->
      </class> <!-- datapro.New -->
    </test> <!-- Default test -->
  </suite> <!-- Default suite -->
</testng-results>
